[+] Containers:
 |- [+] Container: /Game/ThirdPerson/Maps/ThirdPersonMap
 |   |- [+] ActorDescs:
 |   |   |- Guid:11C877834493E8BEB59B41AED8932D9B BaseClass: NativeClass:/Script/Engine.StaticMeshActor Name:StaticMeshActor_UAID_E88088498A50E2C201_1506234804 Label:SM_DoorInterior2 SpatiallyLoaded:1 Bounds:IsValid=true, Min=(X=1550.878 Y=2731.104 Z=29.999), Max=(X=1668.925 Y=2756.193 Z=289.522) RuntimeGrid:None EditorOnly:0 RuntimeOnly:0 HLODRelevant:1
 |   |   |- Guid:130885FB49405D4ACEC5078BE2106C04 BaseClass: NativeClass:/Script/Engine.StaticMeshActor Name:StaticMeshActor_UAID_E88088498A50E2C201_2001102825 Label:SM_Plant_01_Leaves3 SpatiallyLoaded:1 Bounds:IsValid=true, Min=(X=1141.742 Y=2653.210 Z=5.440), Max=(X=1220.367 Y=2724.264 Z=129.913) RuntimeGrid:None EditorOnly:0 RuntimeOnly:0 HLODRelevant:1
 |   |   |- Guid:2287D5704F1382AA9958278E0AA559C3 BaseClass:/Game/Collectibles/CollectibleActors/CollectCookie.CollectCookie_C NativeClass:/Script/Engine.Actor Name:CollectCookie_C_UAID_E88088498A5025C401_1445767664 Label:CollectCookie2 SpatiallyLoaded:1 Bounds:IsValid=true, Min=(X=1002.000 Y=1152.000 Z=44.000), Max=(X=1018.000 Y=1168.000 Z=56.000) RuntimeGrid:None EditorOnly:0 RuntimeOnly:0 HLODRelevant:0
 |   |   |- Guid:2CB17E684DD2AF700D9237A926DBD0C2 BaseClass: NativeClass:/Script/Engine.StaticMeshActor Name:StaticMeshActor_UAID_E88088498A50E2C201_1735012813 Label:SM_Pot_22 SpatiallyLoaded:1 Bounds:IsValid=true, Min=(X=1161.416 Y=2611.312 Z=29.371), Max=(X=1198.792 Y=2648.688 Z=34.390) RuntimeGrid:None EditorOnly:0 RuntimeOnly:0 HLODRelevant:1
 |   |   |- Guid:2F6C065942A4CF11FDD490AE05D05688 BaseClass: NativeClass:/Script/Engine.StaticMeshActor Name:StaticMeshActor_UAID_E88088498A50E2C201_1423589801 Label:SM_Beams_70 SpatiallyLoaded:1 Bounds:IsValid=true, Min=(X=1768.354 Y=2488.801 Z=30.000), Max=(X=1791.646 Y=2510.852 Z=321.147) RuntimeGrid:None EditorOnly:0 RuntimeOnly:0 HLODRelevant:1
 |   |   |- Guid:2FB58999456391D349DC0F86DAC136ED BaseClass: NativeClass:/Script/Engine.SkyLight Name:SkyLight_1 Label:SkyLight SpatiallyLoaded:0 Bounds:IsValid=true, Min=(X=0.000 Y=0.000 Z=690.000), Max=(X=0.000 Y=0.000 Z=690.000) RuntimeGrid:None EditorOnly:0 RuntimeOnly:0 HLODRelevant:0 FolderPath:Lighting FolderGuid:963EC3EB4002CCE9759E2EBA541A873A
 |   |   |- Guid:316CF2A6494ACA4C0E4180A87D36AB8F BaseClass: NativeClass:/Script/Engine.ExponentialHeightFog Name:ExponentialHeightFog_0 Label:ExponentialHeightFog SpatiallyLoaded:0 Bounds:IsValid=true, Min=(X=-5600.000 Y=-50.000 Z=-6850.000), Max=(X=-5600.000 Y=-50.000 Z=-6850.000) RuntimeGrid:None EditorOnly:0 RuntimeOnly:0 HLODRelevant:0 FolderPath:Lighting FolderGuid:963EC3EB4002CCE9759E2EBA541A873A
 |   |   |- Guid:38061476423BC968513B7E85ED573F1D BaseClass: NativeClass:/Script/Engine.StaticMeshActor Name:StaticMeshActor_UAID_E88088498A50E3C201_1145993005 Label:SM_Book_87 SpatiallyLoaded:1 Bounds:IsValid=true, Min=(X=1174.603 Y=2736.067 Z=29.889), Max=(X=1206.399 Y=2765.242 Z=34.730) RuntimeGrid:None EditorOnly:0 RuntimeOnly:0 HLODRelevant:1
 |   |   |- Guid:38989E8A48CA0DDE7E6A478F8E0625E6 BaseClass: NativeClass:/Script/Engine.LevelInstance Name:LevelInstance_UAID_E88088498A50A6C201_1775135241 Label:Interior_Scene SpatiallyLoaded:1 Bounds:IsValid=true, Min=(X=-1637310.000 Y=-1637070.000 Z=-1638370.000), Max=(X=1639490.000 Y=1639730.000 Z=1638430.000) RuntimeGrid:None EditorOnly:0 RuntimeOnly:0 HLODRelevant:0
 |   |   |- Guid:3A00AA1C422CE54C0BDB60BAF471BFBB BaseClass: NativeClass:/Script/Engine.PlayerStart Name:PlayerStart_0 Label:PlayerStart SpatiallyLoaded:0 Bounds:IsValid=true, Min=(X=883.257 Y=1070.000 Z=56.791), Max=(X=916.743 Y=1150.000 Z=127.235) RuntimeGrid:None EditorOnly:0 RuntimeOnly:0 HLODRelevant:0
 |   |   |- Guid:3DC8737D4F74E5768412EA9C46477DA6 BaseClass: NativeClass:/Script/Engine.StaticMeshActor Name:StaticMeshActor_UAID_E88088498A50E2C201_1850382817 Label:SM_FlowersPlant_02 SpatiallyLoaded:1 Bounds:IsValid=true, Min=(X=1152.632 Y=2605.909 Z=40.000), Max=(X=1208.660 Y=2656.610 Z=72.632) RuntimeGrid:None EditorOnly:0 RuntimeOnly:0 HLODRelevant:1
 |   |   |- Guid:455C4A40432F873E4D6456AA18C56DD8 BaseClass: NativeClass:/Script/Engine.StaticMeshActor Name:StaticMeshActor_UAID_E88088498A50E2C201_1653721808 Label:SM_Stool3 SpatiallyLoaded:1 Bounds:IsValid=true, Min=(X=1151.659 Y=2661.969 Z=29.972), Max=(X=1207.893 Y=2718.120 Z=91.490) RuntimeGrid:None EditorOnly:0 RuntimeOnly:0 HLODRelevant:1
 |   |   |- Guid:4D3BE93F4146AAAC8BBE79999D96D57F BaseClass: NativeClass:/Script/Engine.VolumetricCloud Name:VolumetricCloud_0 Label:VolumetricCloud SpatiallyLoaded:0 Bounds:IsValid=true, Min=(X=0.000 Y=0.000 Z=820.000), Max=(X=0.000 Y=0.000 Z=820.000) RuntimeGrid:None EditorOnly:0 RuntimeOnly:0 HLODRelevant:0 FolderPath:Lighting FolderGuid:963EC3EB4002CCE9759E2EBA541A873A
 |   |   |- Guid:51E223A54B16DD03B0B8F8AEA382C83B BaseClass: NativeClass:/Script/Engine.StaticMeshActor Name:StaticMeshActor_UAID_E88088498A50E3C201_1156311006 Label:SM_Book_88 SpatiallyLoaded:1 Bounds:IsValid=true, Min=(X=1177.813 Y=2700.500 Z=29.908), Max=(X=1203.710 Y=2719.237 Z=33.993) RuntimeGrid:None EditorOnly:0 RuntimeOnly:0 HLODRelevant:1
 |   |   |- Guid:5703A51D47BE1C3B1E0C7C97C4F61943 BaseClass: NativeClass:/Script/Engine.StaticMeshActor Name:StaticMeshActor_UAID_E88088498A50E2C201_1884171820 Label:SM_FlowersPlant_5 SpatiallyLoaded:1 Bounds:IsValid=true, Min=(X=1198.070 Y=2626.012 Z=29.285), Max=(X=1225.472 Y=2656.515 Z=88.244) RuntimeGrid:None EditorOnly:0 RuntimeOnly:0 HLODRelevant:1
 |   |   |- Guid:5B4C102741A47F1E0B10DABD6AE5F35D BaseClass: NativeClass:/Script/Engine.StaticMeshActor Name:StaticMeshActor_UAID_E88088498A50E2C201_1416190800 Label:SM_Beams_69 SpatiallyLoaded:1 Bounds:IsValid=true, Min=(X=1328.354 Y=2488.801 Z=30.000), Max=(X=1351.646 Y=2510.852 Z=321.147) RuntimeGrid:None EditorOnly:0 RuntimeOnly:0 HLODRelevant:1
 |   |   |- Guid:5B97F4A64FB21F77EFC44386BF705B4C BaseClass: NativeClass:/Script/Engine.TextRenderActor Name:TextRenderActor_1 Label:TextRenderActor SpatiallyLoaded:1 Bounds:IsValid=true, Min=(X=-0.100 Y=1100.000 Z=65.013), Max=(X=-0.100 Y=2392.308 Z=215.013) RuntimeGrid:None EditorOnly:0 RuntimeOnly:0 HLODRelevant:0
 |   |   |- Guid:66B0F596476825F92A123A8EA7911AFB BaseClass:/Game/Collectibles/CollectibleActors/CollectNapkin.CollectNapkin_C NativeClass:/Script/Engine.Actor Name:CollectNapkin_C_UAID_E88088498A5025C401_1439021659 Label:CollectNapkin SpatiallyLoaded:1 Bounds:IsValid=true, Min=(X=950.354 Y=1118.533 Z=45.010), Max=(X=971.867 Y=1140.046 Z=55.390) RuntimeGrid:None EditorOnly:0 RuntimeOnly:0 HLODRelevant:0
 |   |   |- Guid:6BAF4DDD444C60371492D3919DB42C97 BaseClass: NativeClass:/Script/Engine.WorldDataLayers Name:WorldDataLayers Label:WorldDataLayers SpatiallyLoaded:0 Bounds:IsValid=true, Min=(X=0.000 Y=0.000 Z=0.000), Max=(X=0.000 Y=0.000 Z=0.000) RuntimeGrid:None EditorOnly:0 RuntimeOnly:0 HLODRelevant:0
 |   |   |- Guid:70AC150244706E139D57EB81F4B955C2 BaseClass:/Game/Collectibles/CollectibleActors/CollectPlate.CollectPlate_C NativeClass:/Script/Engine.Actor Name:CollectPlate_C_UAID_E88088498A5025C401_1440608660 Label:CollectPlate SpatiallyLoaded:1 Bounds:IsValid=true, Min=(X=872.480 Y=1272.479 Z=45.276), Max=(X=887.521 Y=1287.520 Z=54.724) RuntimeGrid:None EditorOnly:0 RuntimeOnly:0 HLODRelevant:0
 |   |   |- Guid:7FFCC8E24676E6F174BDBDA8A4DC064D BaseClass: NativeClass:/Script/Engine.StaticMeshActor Name:StaticMeshActor_UAID_E88088498A50E2C201_2079221827 Label:SM_Book_86 SpatiallyLoaded:1 Bounds:IsValid=true, Min=(X=1144.927 Y=2728.082 Z=29.868), Max=(X=1173.684 Y=2751.031 Z=35.344) RuntimeGrid:None EditorOnly:0 RuntimeOnly:0 HLODRelevant:1
 |   |   |- Guid:8DBC557C453D9F058612DA9518402883 BaseClass: NativeClass:/Script/Engine.StaticMeshActor Name:StaticMeshActor_UAID_E88088498A50E2C201_2029360826 Label:SM_FallingPlant3 SpatiallyLoaded:1 Bounds:IsValid=true, Min=(X=1136.461 Y=2618.614 Z=203.682), Max=(X=1198.333 Y=2678.313 Z=348.150) RuntimeGrid:None EditorOnly:0 RuntimeOnly:0 HLODRelevant:1
 |   |   |- Guid:9A58CDDA481EA498FCAB2F92F3A29C7E BaseClass: NativeClass:/Script/Engine.StaticMeshActor Name:StaticMeshActor_UAID_E88088498A50E2C201_1482614803 Label:SM_Cabinet_8 SpatiallyLoaded:1 Bounds:IsValid=true, Min=(X=1209.429 Y=2707.847 Z=30.000), Max=(X=1330.571 Y=2771.755 Z=135.751) RuntimeGrid:None EditorOnly:0 RuntimeOnly:0 HLODRelevant:1
 |   |   |- Guid:A76CE3D9483FC5E0DAC23B87E026C844 BaseClass: NativeClass:/Script/Engine.StaticMeshActor Name:StaticMeshActor_UAID_E88088498A50E2C201_1755825815 Label:SM_Pot_27 SpatiallyLoaded:1 Bounds:IsValid=true, Min=(X=1201.811 Y=2631.864 Z=29.844), Max=(X=1218.083 Y=2648.136 Z=32.024) RuntimeGrid:None EditorOnly:0 RuntimeOnly:0 HLODRelevant:1
 |   |   |- Guid:A789AA4F498C182ECE5DD48C8B1E5D8D BaseClass: NativeClass:/Script/Engine.StaticMeshActor Name:StaticMeshActor_UAID_E88088498A50E2C201_1751911814 Label:SM_Pot_26 SpatiallyLoaded:1 Bounds:IsValid=true, Min=(X=1200.370 Y=2630.423 Z=30.344), Max=(X=1219.630 Y=2649.577 Z=44.940) RuntimeGrid:None EditorOnly:0 RuntimeOnly:0 HLODRelevant:1
 |   |   |- Guid:AAF1CC554AA0C2E1FF26438817BCE7FB BaseClass: NativeClass:/Script/Engine.StaticMeshActor Name:StaticMeshActor_UAID_E88088498A50E2C201_1475701802 Label:SM_Cabinet_2 SpatiallyLoaded:1 Bounds:IsValid=true, Min=(X=1329.429 Y=2707.847 Z=30.000), Max=(X=1450.571 Y=2771.755 Z=135.751) RuntimeGrid:None EditorOnly:0 RuntimeOnly:0 HLODRelevant:1
 |   |   |- Guid:B4E5C92046F81852F9DEED9F812731E4 BaseClass:/Game/Collectibles/CollectibleActors/CollectCup.CollectCup_C NativeClass:/Script/Engine.Actor Name:CollectCup_C_UAID_E88088498A5025C401_1444134662 Label:CollectCup SpatiallyLoaded:1 Bounds:IsValid=true, Min=(X=934.133 Y=1263.749 Z=49.733), Max=(X=945.867 Y=1276.251 Z=60.148) RuntimeGrid:None EditorOnly:0 RuntimeOnly:0 HLODRelevant:0
 |   |   |- Guid:B785ED2844B84CFB91E7F39FE661CD99 BaseClass: NativeClass:/Script/Engine.DirectionalLight Name:DirectionalLight_0 Label:DirectionalLight SpatiallyLoaded:0 Bounds:IsValid=true, Min=(X=-1048576.000 Y=-1048576.000 Z=-1048576.000), Max=(X=1048576.000 Y=1048576.000 Z=1048576.000) RuntimeGrid:None EditorOnly:0 RuntimeOnly:0 HLODRelevant:0 FolderPath:Lighting FolderGuid:963EC3EB4002CCE9759E2EBA541A873A
 |   |   |- Guid:BBCB39CA424F8E5BD5BF30A5476F1BB8 BaseClass: NativeClass:/Script/Engine.StaticMeshActor Name:StaticMeshActor_UAID_E88088498A50E2C201_1390488799 Label:SM_Beams_64 SpatiallyLoaded:1 Bounds:IsValid=true, Min=(X=1538.354 Y=2488.801 Z=30.000), Max=(X=1561.646 Y=2510.852 Z=321.147) RuntimeGrid:None EditorOnly:0 RuntimeOnly:0 HLODRelevant:1
 |   |   |- Guid:BE44B53B4FE2D21ADD455CB04D15809E BaseClass: NativeClass:/Script/Engine.StaticMeshActor Name:StaticMeshActor_UAID_E88088498A50E2C201_1711023811 Label:SM_Pot_8 SpatiallyLoaded:1 Bounds:IsValid=true, Min=(X=1161.416 Y=2671.312 Z=89.371), Max=(X=1198.792 Y=2708.688 Z=94.390) RuntimeGrid:None EditorOnly:0 RuntimeOnly:0 HLODRelevant:1
 |   |   |- Guid:C58ABEAE45AE0C3F0CED1AA869420626 BaseClass: NativeClass:/Script/Engine.StaticMeshActor Name:StaticMeshActor_UAID_E88088498A50E2C201_1983711823 Label:SM_Plant_2 SpatiallyLoaded:1 Bounds:IsValid=true, Min=(X=1156.165 Y=2666.774 Z=32.458), Max=(X=1204.134 Y=2708.560 Z=114.466) RuntimeGrid:None EditorOnly:0 RuntimeOnly:0 HLODRelevant:1
 |   |   |- Guid:CCFF262C46EEFFDF319E7F9539CE697E BaseClass: NativeClass:/Script/Engine.SkyAtmosphere Name:SkyAtmosphere_0 Label:SkyAtmosphere SpatiallyLoaded:0 Bounds:IsValid=true, Min=(X=0.000 Y=0.000 Z=1020.000), Max=(X=0.000 Y=0.000 Z=1020.000) RuntimeGrid:None EditorOnly:0 RuntimeOnly:0 HLODRelevant:0 FolderPath:Lighting FolderGuid:963EC3EB4002CCE9759E2EBA541A873A
 |   |   |- Guid:E95F4FA94F1A60389F65819C0160E565 BaseClass: NativeClass:/Script/Engine.StaticMeshActor Name:StaticMeshActor_UAID_E88088498A50E2C201_1735009812 Label:SM_FlowerPot_16 SpatiallyLoaded:1 Bounds:IsValid=true, Min=(X=1166.016 Y=2616.092 Z=30.418), Max=(X=1193.984 Y=2643.908 Z=52.149) RuntimeGrid:None EditorOnly:0 RuntimeOnly:0 HLODRelevant:1
 |   |   |- Guid:EC4E0C944CE6AC6E784BC6BB2916EA13 BaseClass: NativeClass:/Script/Engine.StaticMeshActor Name:StaticMeshActor_UAID_A4AE111137DC5EFB00_1110535423 Label:SM_SkySphere SpatiallyLoaded:0 Bounds:IsValid=true, Min=(X=-1638400.000 Y=-1638400.000 Z=-1638400.000), Max=(X=1638400.000 Y=1638400.000 Z=1638400.000) RuntimeGrid:None EditorOnly:0 RuntimeOnly:0 HLODRelevant:1 FolderPath:Lighting FolderGuid:963EC3EB4002CCE9759E2EBA541A873A
 |   |   |- Guid:F1924B8D48954B30891B2DB6A694F9CC BaseClass: NativeClass:/Script/Engine.StaticMeshActor Name:StaticMeshActor_1 Label:SM_Cube SpatiallyLoaded:1 Bounds:IsValid=true, Min=(X=0.000 Y=0.000 Z=-50.000), Max=(X=3000.000 Y=3500.000 Z=0.000) RuntimeGrid:None EditorOnly:0 RuntimeOnly:0 HLODRelevant:1 FolderPath:Playground FolderGuid:C73F09FC4215536B1DCE2A9E0A830C70
 |   |   |- Guid:F57DEA6542265F15438A99AAE1FB7A62 BaseClass:/Game/Collectibles/CollectibleActors/CollectMilk.CollectMilk_C NativeClass:/Script/Engine.Actor Name:CollectMilk_C_UAID_E88088498A5025C401_1442846661 Label:CollectMilk SpatiallyLoaded:1 Bounds:IsValid=true, Min=(X=986.000 Y=1216.000 Z=50.000), Max=(X=994.000 Y=1224.000 Z=59.850) RuntimeGrid:None EditorOnly:0 RuntimeOnly:0 HLODRelevant:0
 |   |   |- Guid:F5E3FEB3450C49844FD93DA8E083C8AD BaseClass: NativeClass:/Script/Engine.PostProcessVolume Name:PostProcessVolume_0 Label:PostProcessVolume SpatiallyLoaded:0 Bounds:IsValid=true, Min=(X=0.000 Y=0.000 Z=400.000), Max=(X=200.000 Y=200.000 Z=600.000) RuntimeGrid:None EditorOnly:0 RuntimeOnly:0 HLODRelevant:0 FolderPath:Lighting FolderGuid:963EC3EB4002CCE9759E2EBA541A873A
 |   |- [+] Clusters:
 |   |   |- [+] [  0]
 |   |   |   |- Guid:5703A51D47BE1C3B1E0C7C97C4F61943 BaseClass: NativeClass:/Script/Engine.StaticMeshActor Name:StaticMeshActor_UAID_E88088498A50E2C201_1884171820 Label:SM_FlowersPlant_5 SpatiallyLoaded:1 Bounds:IsValid=true, Min=(X=1198.070 Y=2626.012 Z=29.285), Max=(X=1225.472 Y=2656.515 Z=88.244) RuntimeGrid:None EditorOnly:0 RuntimeOnly:0 HLODRelevant:1
 |   |   |- [+] [  1]
 |   |   |   |- Guid:6BAF4DDD444C60371492D3919DB42C97 BaseClass: NativeClass:/Script/Engine.WorldDataLayers Name:WorldDataLayers Label:WorldDataLayers SpatiallyLoaded:0 Bounds:IsValid=true, Min=(X=0.000 Y=0.000 Z=0.000), Max=(X=0.000 Y=0.000 Z=0.000) RuntimeGrid:None EditorOnly:0 RuntimeOnly:0 HLODRelevant:0
 |   |   |- [+] [  2]
 |   |   |   |- Guid:5B4C102741A47F1E0B10DABD6AE5F35D BaseClass: NativeClass:/Script/Engine.StaticMeshActor Name:StaticMeshActor_UAID_E88088498A50E2C201_1416190800 Label:SM_Beams_69 SpatiallyLoaded:1 Bounds:IsValid=true, Min=(X=1328.354 Y=2488.801 Z=30.000), Max=(X=1351.646 Y=2510.852 Z=321.147) RuntimeGrid:None EditorOnly:0 RuntimeOnly:0 HLODRelevant:1
 |   |   |- [+] [  3]
 |   |   |   |- Guid:2CB17E684DD2AF700D9237A926DBD0C2 BaseClass: NativeClass:/Script/Engine.StaticMeshActor Name:StaticMeshActor_UAID_E88088498A50E2C201_1735012813 Label:SM_Pot_22 SpatiallyLoaded:1 Bounds:IsValid=true, Min=(X=1161.416 Y=2611.312 Z=29.371), Max=(X=1198.792 Y=2648.688 Z=34.390) RuntimeGrid:None EditorOnly:0 RuntimeOnly:0 HLODRelevant:1
 |   |   |- [+] [  4]
 |   |   |   |- Guid:F5E3FEB3450C49844FD93DA8E083C8AD BaseClass: NativeClass:/Script/Engine.PostProcessVolume Name:PostProcessVolume_0 Label:PostProcessVolume SpatiallyLoaded:0 Bounds:IsValid=true, Min=(X=0.000 Y=0.000 Z=400.000), Max=(X=200.000 Y=200.000 Z=600.000) RuntimeGrid:None EditorOnly:0 RuntimeOnly:0 HLODRelevant:0 FolderPath:Lighting FolderGuid:963EC3EB4002CCE9759E2EBA541A873A
 |   |   |- [+] [  5]
 |   |   |   |- Guid:8DBC557C453D9F058612DA9518402883 BaseClass: NativeClass:/Script/Engine.StaticMeshActor Name:StaticMeshActor_UAID_E88088498A50E2C201_2029360826 Label:SM_FallingPlant3 SpatiallyLoaded:1 Bounds:IsValid=true, Min=(X=1136.461 Y=2618.614 Z=203.682), Max=(X=1198.333 Y=2678.313 Z=348.150) RuntimeGrid:None EditorOnly:0 RuntimeOnly:0 HLODRelevant:1
 |   |   |- [+] [  6]
 |   |   |   |- Guid:5B97F4A64FB21F77EFC44386BF705B4C BaseClass: NativeClass:/Script/Engine.TextRenderActor Name:TextRenderActor_1 Label:TextRenderActor SpatiallyLoaded:1 Bounds:IsValid=true, Min=(X=-0.100 Y=1100.000 Z=65.013), Max=(X=-0.100 Y=2392.308 Z=215.013) RuntimeGrid:None EditorOnly:0 RuntimeOnly:0 HLODRelevant:0
 |   |   |- [+] [  7]
 |   |   |   |- Guid:11C877834493E8BEB59B41AED8932D9B BaseClass: NativeClass:/Script/Engine.StaticMeshActor Name:StaticMeshActor_UAID_E88088498A50E2C201_1506234804 Label:SM_DoorInterior2 SpatiallyLoaded:1 Bounds:IsValid=true, Min=(X=1550.878 Y=2731.104 Z=29.999), Max=(X=1668.925 Y=2756.193 Z=289.522) RuntimeGrid:None EditorOnly:0 RuntimeOnly:0 HLODRelevant:1
 |   |   |- [+] [  8]
 |   |   |   |- Guid:70AC150244706E139D57EB81F4B955C2 BaseClass:/Game/Collectibles/CollectibleActors/CollectPlate.CollectPlate_C NativeClass:/Script/Engine.Actor Name:CollectPlate_C_UAID_E88088498A5025C401_1440608660 Label:CollectPlate SpatiallyLoaded:1 Bounds:IsValid=true, Min=(X=872.480 Y=1272.479 Z=45.276), Max=(X=887.521 Y=1287.520 Z=54.724) RuntimeGrid:None EditorOnly:0 RuntimeOnly:0 HLODRelevant:0
 |   |   |- [+] [  9]
 |   |   |   |- Guid:A76CE3D9483FC5E0DAC23B87E026C844 BaseClass: NativeClass:/Script/Engine.StaticMeshActor Name:StaticMeshActor_UAID_E88088498A50E2C201_1755825815 Label:SM_Pot_27 SpatiallyLoaded:1 Bounds:IsValid=true, Min=(X=1201.811 Y=2631.864 Z=29.844), Max=(X=1218.083 Y=2648.136 Z=32.024) RuntimeGrid:None EditorOnly:0 RuntimeOnly:0 HLODRelevant:1
 |   |   |- [+] [ 10]
 |   |   |   |- Guid:BE44B53B4FE2D21ADD455CB04D15809E BaseClass: NativeClass:/Script/Engine.StaticMeshActor Name:StaticMeshActor_UAID_E88088498A50E2C201_1711023811 Label:SM_Pot_8 SpatiallyLoaded:1 Bounds:IsValid=true, Min=(X=1161.416 Y=2671.312 Z=89.371), Max=(X=1198.792 Y=2708.688 Z=94.390) RuntimeGrid:None EditorOnly:0 RuntimeOnly:0 HLODRelevant:1
 |   |   |- [+] [ 11]
 |   |   |   |- Guid:C58ABEAE45AE0C3F0CED1AA869420626 BaseClass: NativeClass:/Script/Engine.StaticMeshActor Name:StaticMeshActor_UAID_E88088498A50E2C201_1983711823 Label:SM_Plant_2 SpatiallyLoaded:1 Bounds:IsValid=true, Min=(X=1156.165 Y=2666.774 Z=32.458), Max=(X=1204.134 Y=2708.560 Z=114.466) RuntimeGrid:None EditorOnly:0 RuntimeOnly:0 HLODRelevant:1
 |   |   |- [+] [ 12]
 |   |   |   |- Guid:9A58CDDA481EA498FCAB2F92F3A29C7E BaseClass: NativeClass:/Script/Engine.StaticMeshActor Name:StaticMeshActor_UAID_E88088498A50E2C201_1482614803 Label:SM_Cabinet_8 SpatiallyLoaded:1 Bounds:IsValid=true, Min=(X=1209.429 Y=2707.847 Z=30.000), Max=(X=1330.571 Y=2771.755 Z=135.751) RuntimeGrid:None EditorOnly:0 RuntimeOnly:0 HLODRelevant:1
 |   |   |- [+] [ 13]
 |   |   |   |- Guid:4D3BE93F4146AAAC8BBE79999D96D57F BaseClass: NativeClass:/Script/Engine.VolumetricCloud Name:VolumetricCloud_0 Label:VolumetricCloud SpatiallyLoaded:0 Bounds:IsValid=true, Min=(X=0.000 Y=0.000 Z=820.000), Max=(X=0.000 Y=0.000 Z=820.000) RuntimeGrid:None EditorOnly:0 RuntimeOnly:0 HLODRelevant:0 FolderPath:Lighting FolderGuid:963EC3EB4002CCE9759E2EBA541A873A
 |   |   |- [+] [ 14]
 |   |   |   |- Guid:B4E5C92046F81852F9DEED9F812731E4 BaseClass:/Game/Collectibles/CollectibleActors/CollectCup.CollectCup_C NativeClass:/Script/Engine.Actor Name:CollectCup_C_UAID_E88088498A5025C401_1444134662 Label:CollectCup SpatiallyLoaded:1 Bounds:IsValid=true, Min=(X=934.133 Y=1263.749 Z=49.733), Max=(X=945.867 Y=1276.251 Z=60.148) RuntimeGrid:None EditorOnly:0 RuntimeOnly:0 HLODRelevant:0
 |   |   |- [+] [ 15]
 |   |   |   |- Guid:38061476423BC968513B7E85ED573F1D BaseClass: NativeClass:/Script/Engine.StaticMeshActor Name:StaticMeshActor_UAID_E88088498A50E3C201_1145993005 Label:SM_Book_87 SpatiallyLoaded:1 Bounds:IsValid=true, Min=(X=1174.603 Y=2736.067 Z=29.889), Max=(X=1206.399 Y=2765.242 Z=34.730) RuntimeGrid:None EditorOnly:0 RuntimeOnly:0 HLODRelevant:1
 |   |   |- [+] [ 16]
 |   |   |   |- Guid:455C4A40432F873E4D6456AA18C56DD8 BaseClass: NativeClass:/Script/Engine.StaticMeshActor Name:StaticMeshActor_UAID_E88088498A50E2C201_1653721808 Label:SM_Stool3 SpatiallyLoaded:1 Bounds:IsValid=true, Min=(X=1151.659 Y=2661.969 Z=29.972), Max=(X=1207.893 Y=2718.120 Z=91.490) RuntimeGrid:None EditorOnly:0 RuntimeOnly:0 HLODRelevant:1
 |   |   |- [+] [ 17]
 |   |   |   |- Guid:CCFF262C46EEFFDF319E7F9539CE697E BaseClass: NativeClass:/Script/Engine.SkyAtmosphere Name:SkyAtmosphere_0 Label:SkyAtmosphere SpatiallyLoaded:0 Bounds:IsValid=true, Min=(X=0.000 Y=0.000 Z=1020.000), Max=(X=0.000 Y=0.000 Z=1020.000) RuntimeGrid:None EditorOnly:0 RuntimeOnly:0 HLODRelevant:0 FolderPath:Lighting FolderGuid:963EC3EB4002CCE9759E2EBA541A873A
 |   |   |- [+] [ 18]
 |   |   |   |- Guid:EC4E0C944CE6AC6E784BC6BB2916EA13 BaseClass: NativeClass:/Script/Engine.StaticMeshActor Name:StaticMeshActor_UAID_A4AE111137DC5EFB00_1110535423 Label:SM_SkySphere SpatiallyLoaded:0 Bounds:IsValid=true, Min=(X=-1638400.000 Y=-1638400.000 Z=-1638400.000), Max=(X=1638400.000 Y=1638400.000 Z=1638400.000) RuntimeGrid:None EditorOnly:0 RuntimeOnly:0 HLODRelevant:1 FolderPath:Lighting FolderGuid:963EC3EB4002CCE9759E2EBA541A873A
 |   |   |- [+] [ 19]
 |   |   |   |- Guid:7FFCC8E24676E6F174BDBDA8A4DC064D BaseClass: NativeClass:/Script/Engine.StaticMeshActor Name:StaticMeshActor_UAID_E88088498A50E2C201_2079221827 Label:SM_Book_86 SpatiallyLoaded:1 Bounds:IsValid=true, Min=(X=1144.927 Y=2728.082 Z=29.868), Max=(X=1173.684 Y=2751.031 Z=35.344) RuntimeGrid:None EditorOnly:0 RuntimeOnly:0 HLODRelevant:1
 |   |   |- [+] [ 20]
 |   |   |   |- Guid:B785ED2844B84CFB91E7F39FE661CD99 BaseClass: NativeClass:/Script/Engine.DirectionalLight Name:DirectionalLight_0 Label:DirectionalLight SpatiallyLoaded:0 Bounds:IsValid=true, Min=(X=-1048576.000 Y=-1048576.000 Z=-1048576.000), Max=(X=1048576.000 Y=1048576.000 Z=1048576.000) RuntimeGrid:None EditorOnly:0 RuntimeOnly:0 HLODRelevant:0 FolderPath:Lighting FolderGuid:963EC3EB4002CCE9759E2EBA541A873A
 |   |   |- [+] [ 21]
 |   |   |   |- Guid:2287D5704F1382AA9958278E0AA559C3 BaseClass:/Game/Collectibles/CollectibleActors/CollectCookie.CollectCookie_C NativeClass:/Script/Engine.Actor Name:CollectCookie_C_UAID_E88088498A5025C401_1445767664 Label:CollectCookie2 SpatiallyLoaded:1 Bounds:IsValid=true, Min=(X=1002.000 Y=1152.000 Z=44.000), Max=(X=1018.000 Y=1168.000 Z=56.000) RuntimeGrid:None EditorOnly:0 RuntimeOnly:0 HLODRelevant:0
 |   |   |- [+] [ 22]
 |   |   |   |- Guid:2F6C065942A4CF11FDD490AE05D05688 BaseClass: NativeClass:/Script/Engine.StaticMeshActor Name:StaticMeshActor_UAID_E88088498A50E2C201_1423589801 Label:SM_Beams_70 SpatiallyLoaded:1 Bounds:IsValid=true, Min=(X=1768.354 Y=2488.801 Z=30.000), Max=(X=1791.646 Y=2510.852 Z=321.147) RuntimeGrid:None EditorOnly:0 RuntimeOnly:0 HLODRelevant:1
 |   |   |- [+] [ 23]
 |   |   |   |- Guid:316CF2A6494ACA4C0E4180A87D36AB8F BaseClass: NativeClass:/Script/Engine.ExponentialHeightFog Name:ExponentialHeightFog_0 Label:ExponentialHeightFog SpatiallyLoaded:0 Bounds:IsValid=true, Min=(X=-5600.000 Y=-50.000 Z=-6850.000), Max=(X=-5600.000 Y=-50.000 Z=-6850.000) RuntimeGrid:None EditorOnly:0 RuntimeOnly:0 HLODRelevant:0 FolderPath:Lighting FolderGuid:963EC3EB4002CCE9759E2EBA541A873A
 |   |   |- [+] [ 24]
 |   |   |   |- Guid:F1924B8D48954B30891B2DB6A694F9CC BaseClass: NativeClass:/Script/Engine.StaticMeshActor Name:StaticMeshActor_1 Label:SM_Cube SpatiallyLoaded:1 Bounds:IsValid=true, Min=(X=0.000 Y=0.000 Z=-50.000), Max=(X=3000.000 Y=3500.000 Z=0.000) RuntimeGrid:None EditorOnly:0 RuntimeOnly:0 HLODRelevant:1 FolderPath:Playground FolderGuid:C73F09FC4215536B1DCE2A9E0A830C70
 |   |   |- [+] [ 25]
 |   |   |   |- Guid:BBCB39CA424F8E5BD5BF30A5476F1BB8 BaseClass: NativeClass:/Script/Engine.StaticMeshActor Name:StaticMeshActor_UAID_E88088498A50E2C201_1390488799 Label:SM_Beams_64 SpatiallyLoaded:1 Bounds:IsValid=true, Min=(X=1538.354 Y=2488.801 Z=30.000), Max=(X=1561.646 Y=2510.852 Z=321.147) RuntimeGrid:None EditorOnly:0 RuntimeOnly:0 HLODRelevant:1
 |   |   |- [+] [ 26]
 |   |   |   |- Guid:3DC8737D4F74E5768412EA9C46477DA6 BaseClass: NativeClass:/Script/Engine.StaticMeshActor Name:StaticMeshActor_UAID_E88088498A50E2C201_1850382817 Label:SM_FlowersPlant_02 SpatiallyLoaded:1 Bounds:IsValid=true, Min=(X=1152.632 Y=2605.909 Z=40.000), Max=(X=1208.660 Y=2656.610 Z=72.632) RuntimeGrid:None EditorOnly:0 RuntimeOnly:0 HLODRelevant:1
 |   |   |- [+] [ 27]
 |   |   |   |- Guid:AAF1CC554AA0C2E1FF26438817BCE7FB BaseClass: NativeClass:/Script/Engine.StaticMeshActor Name:StaticMeshActor_UAID_E88088498A50E2C201_1475701802 Label:SM_Cabinet_2 SpatiallyLoaded:1 Bounds:IsValid=true, Min=(X=1329.429 Y=2707.847 Z=30.000), Max=(X=1450.571 Y=2771.755 Z=135.751) RuntimeGrid:None EditorOnly:0 RuntimeOnly:0 HLODRelevant:1
 |   |   |- [+] [ 28]
 |   |   |   |- Guid:F57DEA6542265F15438A99AAE1FB7A62 BaseClass:/Game/Collectibles/CollectibleActors/CollectMilk.CollectMilk_C NativeClass:/Script/Engine.Actor Name:CollectMilk_C_UAID_E88088498A5025C401_1442846661 Label:CollectMilk SpatiallyLoaded:1 Bounds:IsValid=true, Min=(X=986.000 Y=1216.000 Z=50.000), Max=(X=994.000 Y=1224.000 Z=59.850) RuntimeGrid:None EditorOnly:0 RuntimeOnly:0 HLODRelevant:0
 |   |   |- [+] [ 29]
 |   |   |   |- Guid:2FB58999456391D349DC0F86DAC136ED BaseClass: NativeClass:/Script/Engine.SkyLight Name:SkyLight_1 Label:SkyLight SpatiallyLoaded:0 Bounds:IsValid=true, Min=(X=0.000 Y=0.000 Z=690.000), Max=(X=0.000 Y=0.000 Z=690.000) RuntimeGrid:None EditorOnly:0 RuntimeOnly:0 HLODRelevant:0 FolderPath:Lighting FolderGuid:963EC3EB4002CCE9759E2EBA541A873A
 |   |   |- [+] [ 30]
 |   |   |   |- Guid:51E223A54B16DD03B0B8F8AEA382C83B BaseClass: NativeClass:/Script/Engine.StaticMeshActor Name:StaticMeshActor_UAID_E88088498A50E3C201_1156311006 Label:SM_Book_88 SpatiallyLoaded:1 Bounds:IsValid=true, Min=(X=1177.813 Y=2700.500 Z=29.908), Max=(X=1203.710 Y=2719.237 Z=33.993) RuntimeGrid:None EditorOnly:0 RuntimeOnly:0 HLODRelevant:1
 |   |   |- [+] [ 31]
 |   |   |   |- Guid:38989E8A48CA0DDE7E6A478F8E0625E6 BaseClass: NativeClass:/Script/Engine.LevelInstance Name:LevelInstance_UAID_E88088498A50A6C201_1775135241 Label:Interior_Scene SpatiallyLoaded:1 Bounds:IsValid=true, Min=(X=-1637310.000 Y=-1637070.000 Z=-1638370.000), Max=(X=1639490.000 Y=1639730.000 Z=1638430.000) RuntimeGrid:None EditorOnly:0 RuntimeOnly:0 HLODRelevant:0
 |   |   |- [+] [ 32]
 |   |   |   |- Guid:130885FB49405D4ACEC5078BE2106C04 BaseClass: NativeClass:/Script/Engine.StaticMeshActor Name:StaticMeshActor_UAID_E88088498A50E2C201_2001102825 Label:SM_Plant_01_Leaves3 SpatiallyLoaded:1 Bounds:IsValid=true, Min=(X=1141.742 Y=2653.210 Z=5.440), Max=(X=1220.367 Y=2724.264 Z=129.913) RuntimeGrid:None EditorOnly:0 RuntimeOnly:0 HLODRelevant:1
 |   |   |- [+] [ 33]
 |   |   |   |- Guid:E95F4FA94F1A60389F65819C0160E565 BaseClass: NativeClass:/Script/Engine.StaticMeshActor Name:StaticMeshActor_UAID_E88088498A50E2C201_1735009812 Label:SM_FlowerPot_16 SpatiallyLoaded:1 Bounds:IsValid=true, Min=(X=1166.016 Y=2616.092 Z=30.418), Max=(X=1193.984 Y=2643.908 Z=52.149) RuntimeGrid:None EditorOnly:0 RuntimeOnly:0 HLODRelevant:1
 |   |   |- [+] [ 34]
 |   |   |   |- Guid:A789AA4F498C182ECE5DD48C8B1E5D8D BaseClass: NativeClass:/Script/Engine.StaticMeshActor Name:StaticMeshActor_UAID_E88088498A50E2C201_1751911814 Label:SM_Pot_26 SpatiallyLoaded:1 Bounds:IsValid=true, Min=(X=1200.370 Y=2630.423 Z=30.344), Max=(X=1219.630 Y=2649.577 Z=44.940) RuntimeGrid:None EditorOnly:0 RuntimeOnly:0 HLODRelevant:1
 |   |   |- [+] [ 35]
 |   |   |   |- Guid:3A00AA1C422CE54C0BDB60BAF471BFBB BaseClass: NativeClass:/Script/Engine.PlayerStart Name:PlayerStart_0 Label:PlayerStart SpatiallyLoaded:0 Bounds:IsValid=true, Min=(X=883.257 Y=1070.000 Z=56.791), Max=(X=916.743 Y=1150.000 Z=127.235) RuntimeGrid:None EditorOnly:0 RuntimeOnly:0 HLODRelevant:0
 |   |   |- [+] [ 36]
 |   |   |   |- Guid:66B0F596476825F92A123A8EA7911AFB BaseClass:/Game/Collectibles/CollectibleActors/CollectNapkin.CollectNapkin_C NativeClass:/Script/Engine.Actor Name:CollectNapkin_C_UAID_E88088498A5025C401_1439021659 Label:CollectNapkin SpatiallyLoaded:1 Bounds:IsValid=true, Min=(X=950.354 Y=1118.533 Z=45.010), Max=(X=971.867 Y=1140.046 Z=55.390) RuntimeGrid:None EditorOnly:0 RuntimeOnly:0 HLODRelevant:0
 |- ContainerInstances:
 |- [+] MainContainer:
 |   |-        ID: 0x0000000000000000
 |   |-    Bounds: IsValid=false, Min=(X=0.000 Y=0.000 Z=0.000), Max=(X=0.000 Y=0.000 Z=0.000)
 |   |- Transform: 0.000000,0.000000,0.000000|0.000000,0.000000,-0.000000|1.000000,1.000000,1.000000
 |   |- Container: /Game/ThirdPerson/Maps/ThirdPersonMap
----------------------------------------------------------------------------------------------------------------
ThirdPersonMap - Persistent Level
----------------------------------------------------------------------------------------------------------------
Always loaded Actor Count: 51 

----------------------------------------------------------------------------------------------------------------
ThirdPersonMap - Runtime Spatial Hash - Streaming Grid - MainGrid
----------------------------------------------------------------------------------------------------------------
            Origin: X=0.000 Y=0.000 Z=0.000
         Cell Size: 12800
      World Bounds: IsValid=false, Min=(X=0.000 Y=0.000 Z=0.000), Max=(X=0.000 Y=0.000 Z=0.000)
     Loading Range: 25600.00
Block Slow Loading: No
 ClientOnlyVisible: No

[+] Grid Levels: 1
 |- Level  0: Cell Count    0 | Cell Size   12800 | Actor Count    0 (0.0%)

[+] Content of Grid Level 0

